c:\projects\graphdatabase\graphdatabase\graphdatabase\x64\debug\vc143.pdb
c:\projects\graphdatabase\graphdatabase\graphdatabase\x64\debug\vc143.idb
c:\projects\graphdatabase\graphdatabase\graphdatabase\x64\debug\str.obj
c:\projects\graphdatabase\graphdatabase\graphdatabase\x64\debug\relationship.obj
c:\projects\graphdatabase\graphdatabase\graphdatabase\x64\debug\real.obj
c:\projects\graphdatabase\graphdatabase\graphdatabase\x64\debug\property.obj
c:\projects\graphdatabase\graphdatabase\graphdatabase\x64\debug\node.obj
c:\projects\graphdatabase\graphdatabase\graphdatabase\x64\debug\money.obj
c:\projects\graphdatabase\graphdatabase\graphdatabase\x64\debug\main.obj
c:\projects\graphdatabase\graphdatabase\graphdatabase\x64\debug\integer.obj
c:\projects\graphdatabase\graphdatabase\graphdatabase\x64\debug\graph.obj
c:\projects\graphdatabase\graphdatabase\graphdatabase\x64\debug\date.obj
c:\projects\graphdatabase\graphdatabase\graphdatabase\x64\debug\graphdatabase.ilk
c:\projects\graphdatabase\graphdatabase\x64\debug\graphdatabase.pdb
c:\projects\graphdatabase\graphdatabase\graphdatabase\x64\debug\graphdatabase.tlog\cl.command.1.tlog
c:\projects\graphdatabase\graphdatabase\graphdatabase\x64\debug\graphdatabase.tlog\cl.items.tlog
c:\projects\graphdatabase\graphdatabase\graphdatabase\x64\debug\graphdatabase.tlog\cl.read.1.tlog
c:\projects\graphdatabase\graphdatabase\graphdatabase\x64\debug\graphdatabase.tlog\cl.write.1.tlog
c:\projects\graphdatabase\graphdatabase\graphdatabase\x64\debug\graphdatabase.tlog\link.5940-cvtres.read.1.tlog
c:\projects\graphdatabase\graphdatabase\graphdatabase\x64\debug\graphdatabase.tlog\link.5940-cvtres.write.1.tlog
c:\projects\graphdatabase\graphdatabase\graphdatabase\x64\debug\graphdatabase.tlog\link.5940-rc.read.1.tlog
c:\projects\graphdatabase\graphdatabase\graphdatabase\x64\debug\graphdatabase.tlog\link.5940-rc.write.1.tlog
c:\projects\graphdatabase\graphdatabase\graphdatabase\x64\debug\graphdatabase.tlog\link.5940.read.1.tlog
c:\projects\graphdatabase\graphdatabase\graphdatabase\x64\debug\graphdatabase.tlog\link.5940.read.2.tlog
c:\projects\graphdatabase\graphdatabase\graphdatabase\x64\debug\graphdatabase.tlog\link.5940.write.1.tlog
c:\projects\graphdatabase\graphdatabase\graphdatabase\x64\debug\graphdatabase.tlog\link.command.1.tlog
c:\projects\graphdatabase\graphdatabase\graphdatabase\x64\debug\graphdatabase.tlog\link.read.1.tlog
c:\projects\graphdatabase\graphdatabase\graphdatabase\x64\debug\graphdatabase.tlog\link.secondary.1.tlog
c:\projects\graphdatabase\graphdatabase\graphdatabase\x64\debug\graphdatabase.tlog\link.write.1.tlog
